#
# There is insufficient memory for the Java Runtime Environment to continue.
# Native memory allocation (mmap) failed to map 268435456 bytes. Error detail: G1 virtual space
# Possible reasons:
#   The system is out of physical RAM or swap space
#   This process is running with CompressedOops enabled, and the Java Heap may be blocking the growth of the native heap
# Possible solutions:
#   Reduce memory load on the system
#   Increase physical memory or swap space
#   Check if swap backing store is full
#   Decrease Java heap size (-Xmx/-Xms)
#   Decrease number of Java threads
#   Decrease Java thread stack sizes (-Xss)
#   Set larger code cache with -XX:ReservedCodeCacheSize=
#   JVM is running with Zero Based Compressed Oops mode in which the Java heap is
#     placed in the first 32GB address space. The Java Heap base address is the
#     maximum limit for the native heap growth. Please use -XX:HeapBaseMinAddress
#     to set the Java Heap base and to place the Java Heap above 32GB virtual address.
# This output file may be truncated or incomplete.
#
#  Out of Memory Error (os_windows.cpp:3707), pid=5772, tid=2224
#
# JRE version:  (23.0.2+7) (build )
# Java VM: Java HotSpot(TM) 64-Bit Server VM (23.0.2+7-58, mixed mode, sharing, tiered, compressed oops, compressed class ptrs, g1 gc, windows-amd64)
# No core dump will be written. Minidumps are not enabled by default on client versions of Windows
#

---------------  S U M M A R Y ------------

Command Line: 

Host: AMD Ryzen 7 3700X 8-Core Processor             , 16 cores, 15G,  Windows 11 , 64 bit Build 26100 (10.0.26100.3775)
Time: Mon Apr 14 04:26:16 2025 Caucasus Standard Time elapsed time: 0.012817 seconds (0d 0h 0m 0s)

---------------  T H R E A D  ---------------

Current thread (0x00000176b6c3f440):  JavaThread "Unknown thread" [_thread_in_vm, id=2224, stack(0x0000005146700000,0x0000005146800000) (1024K)]

Stack: [0x0000005146700000,0x0000005146800000]
Native frames: (J=compiled Java code, j=interpreted, Vv=VM code, C=native code)
V  [jvm.dll+0x6e0b99]  (no source info available)
V  [jvm.dll+0x87e2b3]  (no source info available)
V  [jvm.dll+0x88073e]  (no source info available)
V  [jvm.dll+0x880e13]  (no source info available)
V  [jvm.dll+0x27b006]  (no source info available)
V  [jvm.dll+0x6dd485]  (no source info available)
V  [jvm.dll+0x6d127a]  (no source info available)
V  [jvm.dll+0x35b50a]  (no source info available)
V  [jvm.dll+0x363916]  (no source info available)
V  [jvm.dll+0x34fe7e]  (no source info available)
V  [jvm.dll+0x350118]  (no source info available)
V  [jvm.dll+0x328aec]  (no source info available)
V  [jvm.dll+0x32978e]  (no source info available)
V  [jvm.dll+0x8449a5]  (no source info available)
V  [jvm.dll+0x3b9a08]  (no source info available)
V  [jvm.dll+0x82d68c]  (no source info available)
V  [jvm.dll+0x454f2e]  (no source info available)
V  [jvm.dll+0x456db1]  (no source info available)
C  [jli.dll+0x52a3]  (no source info available)
C  [ucrtbase.dll+0x37b0]  (no source info available)
C  [KERNEL32.DLL+0x2e8d7]  (no source info available)
C  [ntdll.dll+0xb14fc]  (no source info available)

Lock stack of current Java thread (top to bottom):


---------------  P R O C E S S  ---------------

Threads class SMR info:
_java_thread_list=0x00007ffb2ecb4618, length=0, elements={
}

Java Threads: ( => current thread )
Total: 0

Other Threads:
  0x00000176b6ca74e0 WorkerThread "GC Thread#0"                     [id=22644, stack(0x0000005146800000,0x0000005146900000) (1024K)]
  0x00000176b6cbd360 ConcurrentGCThread "G1 Main Marker"            [id=9184, stack(0x0000005146900000,0x0000005146a00000) (1024K)]
  0x00000176b6cbe610 WorkerThread "G1 Conc#0"                       [id=5148, stack(0x0000005146a00000,0x0000005146b00000) (1024K)]

[error occurred during error reporting (printing all threads), id 0xc0000005, EXCEPTION_ACCESS_VIOLATION (0xc0000005) at pc=0x00007ffb2e3fc0da]
VM state: not at safepoint (not fully initialized)

VM Mutex/Monitor currently owned by a thread:  ([mutex/lock_event])
[0x00007ffb2ed34988] Heap_lock - owner thread: 0x00000176b6c3f440

Heap address: 0x0000000700c00000, size: 4084 MB, Compressed Oops mode: Zero based, Oop shift amount: 3

CDS archive(s) mapped at: [0x0000000000000000-0x0000000000000000-0x0000000000000000), size 0, SharedBaseAddress: 0x0000000800000000, ArchiveRelocationMode: 1.
Narrow klass base: 0x0000000000000000, Narrow klass shift: 0, Narrow klass range: 0x0

GC Precious Log:
 CardTable entry size: 512
 Card Set container configuration: InlinePtr #cards 4 size 8 Array Of Cards #cards 16 size 48 Howl #buckets 8 coarsen threshold 3686 Howl Bitmap #cards 512 size 80 coarsen threshold 460 Card regions per heap region 1 cards per card region 4096

Heap:
 garbage-first heap   total reserved 4182016K, committed 0K, used 0K [0x0000000700c00000, 0x0000000800000000)
  region size 2048K, 0 young (0K), 0 survivors (0K)

[error occurred during error reporting (printing heap information), id 0xc0000005, EXCEPTION_ACCESS_VIOLATION (0xc0000005) at pc=0x00007ffb2e7fc6a9]
GC Heap History (0 events):
No events

Dll operation events (1 events):
Event: 0.007 Loaded shared library C:\Program Files\Java\jdk-23\bin\java.dll

Deoptimization events (0 events):
No events

Classes loaded (0 events):
No events

Classes unloaded (0 events):
No events

Classes redefined (0 events):
No events

Internal exceptions (0 events):
No events

VM Operations (0 events):
No events

Memory protections (0 events):
No events

Nmethod flushes (0 events):
No events

Events (0 events):
No events


Dynamic libraries:
0x00007ff6673f0000 - 0x00007ff667400000 	C:\Program Files\Java\jdk-23\bin\java.exe
0x00007ffc4f920000 - 0x00007ffc4fb80000 	C:\WINDOWS\SYSTEM32\ntdll.dll
0x00007ffc4e250000 - 0x00007ffc4e317000 	C:\WINDOWS\System32\KERNEL32.DLL
0x00007ffc4cf40000 - 0x00007ffc4d30a000 	C:\WINDOWS\System32\KERNELBASE.dll
0x00007ffc4d530000 - 0x00007ffc4d67b000 	C:\WINDOWS\System32\ucrtbase.dll
0x00007ffc470b0000 - 0x00007ffc470c7000 	C:\Program Files\Java\jdk-23\bin\jli.dll
0x00007ffc48770000 - 0x00007ffc4878b000 	C:\Program Files\Java\jdk-23\bin\VCRUNTIME140.dll
0x00007ffc4db50000 - 0x00007ffc4dd1c000 	C:\WINDOWS\System32\USER32.dll
0x00007ffc31180000 - 0x00007ffc31417000 	C:\WINDOWS\WinSxS\amd64_microsoft.windows.common-controls_6595b64144ccf1df_6.0.26100.3624_none_3e086962e3345f24\COMCTL32.dll
0x00007ffc4cc40000 - 0x00007ffc4cc67000 	C:\WINDOWS\System32\win32u.dll
0x00007ffc4e840000 - 0x00007ffc4e8e9000 	C:\WINDOWS\System32\msvcrt.dll
0x00007ffc4f8b0000 - 0x00007ffc4f8da000 	C:\WINDOWS\System32\GDI32.dll
0x00007ffc4cb00000 - 0x00007ffc4cc31000 	C:\WINDOWS\System32\gdi32full.dll
0x00007ffc4d310000 - 0x00007ffc4d3b3000 	C:\WINDOWS\System32\msvcp_win.dll
0x00007ffc4de20000 - 0x00007ffc4de4f000 	C:\WINDOWS\System32\IMM32.DLL
0x00007ffc42350000 - 0x00007ffc4235c000 	C:\Program Files\Java\jdk-23\bin\vcruntime140_1.dll
0x00007ffc35850000 - 0x00007ffc358de000 	C:\Program Files\Java\jdk-23\bin\msvcp140.dll
0x00007ffb2e0c0000 - 0x00007ffb2ee10000 	C:\Program Files\Java\jdk-23\bin\server\jvm.dll
0x00007ffc4e350000 - 0x00007ffc4e402000 	C:\WINDOWS\System32\ADVAPI32.dll
0x00007ffc4d8c0000 - 0x00007ffc4d966000 	C:\WINDOWS\System32\sechost.dll
0x00007ffc4f060000 - 0x00007ffc4f176000 	C:\WINDOWS\System32\RPCRT4.dll
0x00007ffc4e4b0000 - 0x00007ffc4e524000 	C:\WINDOWS\System32\WS2_32.dll
0x00007ffc4c950000 - 0x00007ffc4c9ae000 	C:\WINDOWS\SYSTEM32\POWRPROF.dll
0x00007ffc42150000 - 0x00007ffc42186000 	C:\WINDOWS\SYSTEM32\WINMM.dll
0x00007ffc46350000 - 0x00007ffc4635b000 	C:\WINDOWS\SYSTEM32\VERSION.dll
0x00007ffc4c930000 - 0x00007ffc4c944000 	C:\WINDOWS\SYSTEM32\UMPDC.dll
0x00007ffc4b910000 - 0x00007ffc4b92a000 	C:\WINDOWS\SYSTEM32\kernel.appcore.dll
0x00007ffc35840000 - 0x00007ffc3584a000 	C:\Program Files\Java\jdk-23\bin\jimage.dll
0x00007ffc38b10000 - 0x00007ffc38d51000 	C:\WINDOWS\SYSTEM32\DBGHELP.DLL
0x00007ffc4de60000 - 0x00007ffc4e1e2000 	C:\WINDOWS\System32\combase.dll
0x00007ffc4e6d0000 - 0x00007ffc4e7a6000 	C:\WINDOWS\System32\OLEAUT32.dll
0x00007ffbf5ca0000 - 0x00007ffbf5cd9000 	C:\WINDOWS\SYSTEM32\dbgcore.DLL
0x00007ffc4d680000 - 0x00007ffc4d719000 	C:\WINDOWS\System32\bcryptPrimitives.dll
0x00007ffc35820000 - 0x00007ffc3583e000 	C:\Program Files\Java\jdk-23\bin\java.dll
0x00007ffc4e530000 - 0x00007ffc4e6c6000 	C:\WINDOWS\System32\ole32.dll
0x00007ffc4f180000 - 0x00007ffc4f8a9000 	C:\WINDOWS\System32\SHELL32.dll
0x00007ffc4d3c0000 - 0x00007ffc4d528000 	C:\WINDOWS\System32\wintypes.dll

dbghelp: loaded successfully - version: 4.0.5 - missing functions: none
symbol engine: initialized successfully - sym options: 0x614 - pdb path: .;C:\Program Files\Java\jdk-23\bin;C:\WINDOWS\SYSTEM32;C:\WINDOWS\WinSxS\amd64_microsoft.windows.common-controls_6595b64144ccf1df_6.0.26100.3624_none_3e086962e3345f24;C:\Program Files\Java\jdk-23\bin\server

VM Arguments:
java_command: <unknown>
java_class_path (initial): <not set>
Launcher Type: SUN_STANDARD

[Global flags]
     intx CICompilerCount                          = 12                                        {product} {ergonomic}
     uint ConcGCThreads                            = 3                                         {product} {ergonomic}
     uint G1ConcRefinementThreads                  = 13                                        {product} {ergonomic}
   size_t G1HeapRegionSize                         = 2097152                                   {product} {ergonomic}
   size_t InitialHeapSize                          = 268435456                                 {product} {ergonomic}
   size_t MarkStackSize                            = 4194304                                   {product} {ergonomic}
   size_t MarkStackSizeMax                         = 536870912                                 {product} {ergonomic}
   size_t MaxHeapSize                              = 4282384384                                {product} {ergonomic}
   size_t MinHeapDeltaBytes                        = 2097152                                   {product} {ergonomic}
   size_t MinHeapSize                              = 8388608                                   {product} {ergonomic}
    uintx NonNMethodCodeHeapSize                   = 7602176                                {pd product} {ergonomic}
    uintx NonProfiledCodeHeapSize                  = 122093568                              {pd product} {ergonomic}
    uintx ProfiledCodeHeapSize                     = 121962496                              {pd product} {ergonomic}
    uintx ReservedCodeCacheSize                    = 251658240                              {pd product} {ergonomic}
     bool SegmentedCodeCache                       = true                                      {product} {ergonomic}
   size_t SoftMaxHeapSize                          = 4282384384                             {manageable} {ergonomic}
     bool UseCompressedOops                        = true                           {product lp64_product} {ergonomic}
     bool UseG1GC                                  = true                                      {product} {ergonomic}
     bool UseLargePagesIndividualAllocation        = false                                  {pd product} {ergonomic}

Logging:
Log output configuration:
 #0: stdout all=warning uptime,level,tags foldmultilines=false
 #1: stderr all=off uptime,level,tags foldmultilines=false

Environment Variables:
PATH=C:\Users\Arman\Desktop\dabbler-mobile-native\node_modules\.bin;C:\Users\Arman\Desktop\node_modules\.bin;C:\Users\Arman\node_modules\.bin;C:\Users\node_modules\.bin;C:\node_modules\.bin;C:\Users\Arman\AppData\Roaming\npm\node_modules\npm\node_modules\@npmcli\run-script\lib\node-gyp-bin;C:\Users\Arman\bin;C:\Program Files\Git\mingw64\bin;C:\Program Files\Git\usr\local\bin;C:\Program Files\Git\usr\bin;C:\Program Files\Git\usr\bin;C:\Program Files\Git\mingw64\bin;C:\Program Files\Git\usr\bin;C:\Users\Arman\bin;C:\Program Files\Common Files\Oracle\Java\javapath;C:\WINDOWS\system32;C:\WINDOWS;C:\WINDOWS\System32\Wbem;C:\WINDOWS\System32\WindowsPowerShell\v1.0;C:\WINDOWS\System32\OpenSSH;C:\Program Files\NVIDIA Corporation\NVIDIA app\NvDLISR;C:\Program Files (x86)\NVIDIA Corporation\PhysX\Common;C:\Program Files\Git\cmd;C:\Users\Arman\AppData\Local\Android\Sdk\platform-tools;C:\Users\Arman\AppData\Roaming\nvm;C:\Program Files\nodejs;C:\Users\Arman\AppData\Local\Microsoft\WindowsApps;C:\Users\Arman\AppData\Roaming\npm;C:\Users\Arman\AppData\Local\Programs\Microsoft VS Code\bin;C:\Users\Arman\AppData\Local\Programs\cursor\resources\app\bin;C:\Users\Arman\AppData\Roaming\nvm;C:\Program Files\nodejs;C:\Program Files\Git\usr\bin\vendor_perl;C:\Program Files\Git\usr\bin\core_perl
USERNAME=Arman
SHELL=C:\Program Files\Git\usr\bin\bash.exe
DISPLAY=needs-to-be-defined
LANG=en_US.UTF-8
TERM=xterm-256color
TMPDIR=C:\Users\Arman\AppData\Local\Temp
OS=Windows_NT
PROCESSOR_IDENTIFIER=AMD64 Family 23 Model 113 Stepping 0, AuthenticAMD
TMP=C:\Users\Arman\AppData\Local\Temp
TEMP=C:\Users\Arman\AppData\Local\Temp




Periodic native trim disabled

---------------  S Y S T E M  ---------------

OS:
 Windows 11 , 64 bit Build 26100 (10.0.26100.3775)
OS uptime: 1 days 2:38 hours

CPU: total 16 (initial active 16) (16 cores per cpu, 2 threads per core) family 23 model 113 stepping 0 microcode 0x8701013, cx8, cmov, fxsr, ht, mmx, 3dnowpref, sse, sse2, sse3, ssse3, sse4a, sse4.1, sse4.2, popcnt, lzcnt, tsc, tscinvbit, avx, avx2, aes, clmul, bmi1, bmi2, adx, sha, fma, vzeroupper, clflush, clflushopt, rdtscp, rdpid, f16c
Processor Information for the first 16 processors :
  Max Mhz: 3593, Current Mhz: 3593, Mhz Limit: 3593

Memory: 4k page, system-wide physical 16334M (589M free)
TotalPageFile size 45996M (AvailPageFile size 207M)
current process WorkingSet (physical memory assigned to process): 13M, peak: 13M
current process commit charge ("private bytes"): 71M, peak: 327M

vm_info: Java HotSpot(TM) 64-Bit Server VM (23.0.2+7-58) for windows-amd64 JRE (23.0.2+7-58), built on 2024-11-29T09:34:55Z with MS VC++ 17.6 (VS2022)

END.
